setting 'ivy.default.settings.dir' to 'jar:file:/home/yuvi/Desktop/ScalaProject/MyProgram-sbt/sbt/sbt-launch.jar!/org/apache/ivy/core/settings'
setting 'ivy.basedir' to '/home/yuvi/Desktop/ScalaProject/MyProgram-sbt/.'
setting 'ivy.default.conf.dir' to 'jar:file:/home/yuvi/Desktop/ScalaProject/MyProgram-sbt/sbt/sbt-launch.jar!/org/apache/ivy/core/settings'
impossible to define new type: class not found: org.apache.ivy.plugins.version.PatternVersionMatcher in [] nor Ivy classloader
impossible to define new type: class not found: org.apache.ivy.plugins.trigger.LogTrigger in [] nor Ivy classloader
impossible to define new type: class not found: org.apache.ivy.plugins.resolver.VsftpResolver in [] nor Ivy classloader
impossible to define new type: class not found: org.apache.ivy.plugins.conflict.RegexpConflictManager in [] nor Ivy classloader
impossible to define new type: class not found: org.apache.ivy.plugins.resolver.SshResolver in [] nor Ivy classloader
impossible to define new type: class not found: org.apache.ivy.plugins.resolver.VfsResolver in [] nor Ivy classloader
impossible to define new type: class not found: org.apache.ivy.plugins.resolver.SFTPResolver in [] nor Ivy classloader
impossible to define new type: class not found: org.apache.ivy.plugins.resolver.packager.PackagerResolver in [] nor Ivy classloader
impossible to define new type: class not found: org.apache.ivy.ant.AntCallTrigger in [] nor Ivy classloader
impossible to define new type: class not found: org.apache.ivy.plugins.resolver.IvyRepResolver in [] nor Ivy classloader
impossible to define new type: class not found: org.apache.ivy.ant.AntBuildTrigger in [] nor Ivy classloader
impossible to define glob matcher: org.apache.ivy.plugins.matcher.GlobPatternMatcher was not found.
setting 'java.runtime.name' to 'OpenJDK Runtime Environment'
setting 'sun.boot.library.path' to '/usr/lib/jvm/java-6-openjdk/jre/lib/amd64'
setting 'java.vm.version' to '14.0-b16'
setting 'java.vm.vendor' to 'Sun Microsystems Inc.'
setting 'java.vendor.url' to 'http://java.sun.com/'
setting 'path.separator' to ':'
setting 'java.vm.name' to 'OpenJDK 64-Bit Server VM'
setting 'file.encoding.pkg' to 'sun.io'
setting 'sun.java.launcher' to 'SUN_STANDARD'
setting 'user.country' to 'US'
setting 'sun.os.patch.level' to 'unknown'
setting 'java.vm.specification.name' to 'Java Virtual Machine Specification'
setting 'user.dir' to '/home/yuvi/Desktop/ScalaProject/MyProgram-sbt'
setting 'java.runtime.version' to '1.6.0_18-b18'
setting 'java.awt.graphicsenv' to 'sun.awt.X11GraphicsEnvironment'
setting 'java.endorsed.dirs' to '/usr/lib/jvm/java-6-openjdk/jre/lib/endorsed'
setting 'os.arch' to 'amd64'
setting 'java.io.tmpdir' to '/tmp'
setting 'line.separator' to '
'
setting 'java.vm.specification.vendor' to 'Sun Microsystems Inc.'
setting 'os.name' to 'Linux'
setting 'sun.jnu.encoding' to 'UTF-8'
setting 'java.library.path' to '/usr/lib/jvm/java-6-openjdk/jre/lib/amd64/server:/usr/lib/jvm/java-6-openjdk/jre/lib/amd64:/usr/lib/jvm/java-6-openjdk/jre/../lib/amd64:/usr/java/packages/lib/amd64:/usr/lib/jni:/lib:/usr/lib'
setting 'java.specification.name' to 'Java Platform API Specification'
setting 'java.class.version' to '50.0'
setting 'sun.management.compiler' to 'HotSpot 64-Bit Server Compiler'
setting 'os.version' to '2.6.32-23-generic'
setting 'user.home' to '/home/yuvi'
setting 'user.timezone' to 'America/New_York'
setting 'java.awt.printerjob' to 'sun.print.PSPrinterJob'
setting 'file.encoding' to 'UTF-8'
setting 'java.specification.version' to '1.6'
setting 'java.class.path' to './sbt/sbt-launch.jar'
setting 'user.name' to 'yuvi'
setting 'java.vm.specification.version' to '1.0'
setting 'java.home' to '/usr/lib/jvm/java-6-openjdk/jre'
setting 'sun.arch.data.model' to '64'
setting 'user.language' to 'en'
setting 'java.specification.vendor' to 'Sun Microsystems Inc.'
setting 'java.vm.info' to 'mixed mode'
setting 'java.version' to '1.6.0_18'
setting 'java.ext.dirs' to '/usr/lib/jvm/java-6-openjdk/jre/lib/ext:/usr/java/packages/lib/ext'
setting 'sun.boot.class.path' to '/usr/lib/jvm/java-6-openjdk/jre/lib/resources.jar:/usr/lib/jvm/java-6-openjdk/jre/lib/rt.jar:/usr/lib/jvm/java-6-openjdk/jre/lib/sunrsasign.jar:/usr/lib/jvm/java-6-openjdk/jre/lib/jsse.jar:/usr/lib/jvm/java-6-openjdk/jre/lib/jce.jar:/usr/lib/jvm/java-6-openjdk/jre/lib/charsets.jar:/usr/lib/jvm/java-6-openjdk/jre/lib/rhino.jar:/usr/lib/jvm/java-6-openjdk/jre/classes'
setting 'java.vendor' to 'Sun Microsystems Inc.'
setting 'file.separator' to '/'
setting 'java.vendor.url.bug' to 'http://java.sun.com/cgi-bin/bugreport.cgi'
setting 'sun.io.unicode.encoding' to 'UnicodeLittle'
setting 'sun.cpu.endian' to 'little'
setting 'sun.desktop' to 'gnome'
setting 'sun.cpu.isalist' to ''
setting 'ivy.default.ivy.user.dir' to '/home/yuvi/.ivy2'
setting 'ivy.home' to '/home/yuvi/.ivy2'
no default ivy user dir defined: set to /home/yuvi/.ivy2
setting 'ivy.cache.dir' to '/home/yuvi/.ivy2/cache'
no default cache defined: set to /home/yuvi/.ivy2/cache
setting 'ivy.basedir' to '/home/yuvi/Desktop/ScalaProject/MyProgram-sbt/project/boot'
setting 'basedir' to '/home/yuvi/Desktop/ScalaProject/MyProgram-sbt/project/boot'
setting 'scala' to '2.8.0'
:: resolving dependencies :: org.scala-tools.sbt#boot-scala;1.0
	confs: [default]
	validate = true
	refresh = false
resolving dependencies for configuration 'default'
== resolving dependencies for org.scala-tools.sbt#boot-scala;1.0 [default]
loadData of org.scala-tools.sbt#boot-scala;1.0 of rootConf=default
== resolving dependencies org.scala-tools.sbt#boot-scala;1.0->org.scala-lang#scala-compiler;2.8.0 [default->default]
loadData of org.scala-lang#scala-compiler;2.8.0 of rootConf=default
	using redefined-public to resolve org.scala-lang#scala-compiler;2.8.0
redefined-public: Checking cache for: dependency: org.scala-lang#scala-compiler;2.8.0 {default=[default]}
redefined-public: no namespace defined: using system
	no ivy file in cache for org.scala-lang#scala-compiler;2.8.0: tried /home/yuvi/.ivy2/cache/org.scala-lang/scala-compiler/ivy-2.8.0.xml
redefined-public: no latest strategy defined: using default
local: no namespace defined: using system
	no ivy file in cache for org.scala-lang#scala-compiler;2.8.0: tried /home/yuvi/.ivy2/cache/org.scala-lang/scala-compiler/ivy-2.8.0.xml
	 trying /home/yuvi/.ivy2/local/org.scala-lang/scala-compiler/2.8.0/ivys/ivy.xml
		tried /home/yuvi/.ivy2/local/org.scala-lang/scala-compiler/2.8.0/ivys/ivy.xml
	local: resource not reachable for org.scala-lang#scala-compiler;2.8.0: res=/home/yuvi/.ivy2/local/org.scala-lang/scala-compiler/2.8.0/ivys/ivy.xml
	 trying /home/yuvi/.ivy2/local/org.scala-lang/scala-compiler/2.8.0/jars/scala-compiler.jar
		tried /home/yuvi/.ivy2/local/org.scala-lang/scala-compiler/2.8.0/jars/scala-compiler.jar
	local: resource not reachable for org.scala-lang#scala-compiler;2.8.0: res=/home/yuvi/.ivy2/local/org.scala-lang/scala-compiler/2.8.0/jars/scala-compiler.jar
	local: no ivy file nor artifact found for org.scala-lang#scala-compiler;2.8.0
Maven2 Local: no namespace defined: using system
	no ivy file in cache for org.scala-lang#scala-compiler;2.8.0: tried /home/yuvi/.ivy2/cache/org.scala-lang/scala-compiler/ivy-2.8.0.xml
	 trying file:///home/yuvi/.m2/repository/org/scala-lang/scala-compiler/2.8.0/scala-compiler-2.8.0.pom
		tried file:///home/yuvi/.m2/repository/org/scala-lang/scala-compiler/2.8.0/scala-compiler-2.8.0.pom
	Maven2 Local: resource not reachable for org/scala-lang#scala-compiler;2.8.0: res=file:/home/yuvi/.m2/repository/org/scala-lang/scala-compiler/2.8.0/scala-compiler-2.8.0.pom
	 trying file:///home/yuvi/.m2/repository/org/scala-lang/scala-compiler/2.8.0/scala-compiler-2.8.0.jar
		tried file:///home/yuvi/.m2/repository/org/scala-lang/scala-compiler/2.8.0/scala-compiler-2.8.0.jar
	Maven2 Local: resource not reachable for org/scala-lang#scala-compiler;2.8.0: res=file:/home/yuvi/.m2/repository/org/scala-lang/scala-compiler/2.8.0/scala-compiler-2.8.0.jar
	Maven2 Local: no ivy file nor artifact found for org.scala-lang#scala-compiler;2.8.0
sbt-db: no namespace defined: using system
	no ivy file in cache for org.scala-lang#scala-compiler;2.8.0: tried /home/yuvi/.ivy2/cache/org.scala-lang/scala-compiler/ivy-2.8.0.xml
	 trying http://databinder.net/repo/org.scala-lang/scala-compiler/2.8.0/ivys/ivy.xml
		tried http://databinder.net/repo/org.scala-lang/scala-compiler/2.8.0/ivys/ivy.xml
HTTP response status: 404 url=http://databinder.net/repo/org.scala-lang/scala-compiler/2.8.0/ivys/ivy.xml
CLIENT ERROR: Not Found url=http://databinder.net/repo/org.scala-lang/scala-compiler/2.8.0/ivys/ivy.xml
	sbt-db: resource not reachable for org.scala-lang#scala-compiler;2.8.0: res=http://databinder.net/repo/org.scala-lang/scala-compiler/2.8.0/ivys/ivy.xml
	 trying http://databinder.net/repo/org.scala-lang/scala-compiler/2.8.0/jars/scala-compiler.jar
		tried http://databinder.net/repo/org.scala-lang/scala-compiler/2.8.0/jars/scala-compiler.jar
HTTP response status: 404 url=http://databinder.net/repo/org.scala-lang/scala-compiler/2.8.0/jars/scala-compiler.jar
CLIENT ERROR: Not Found url=http://databinder.net/repo/org.scala-lang/scala-compiler/2.8.0/jars/scala-compiler.jar
	sbt-db: resource not reachable for org.scala-lang#scala-compiler;2.8.0: res=http://databinder.net/repo/org.scala-lang/scala-compiler/2.8.0/jars/scala-compiler.jar
	sbt-db: no ivy file nor artifact found for org.scala-lang#scala-compiler;2.8.0
Maven Central: no namespace defined: using system
	no ivy file in cache for org.scala-lang#scala-compiler;2.8.0: tried /home/yuvi/.ivy2/cache/org.scala-lang/scala-compiler/ivy-2.8.0.xml
	 trying http://repo1.maven.org/maven2/org/scala-lang/scala-compiler/2.8.0/scala-compiler-2.8.0.pom
		tried http://repo1.maven.org/maven2/org/scala-lang/scala-compiler/2.8.0/scala-compiler-2.8.0.pom
	Maven Central: found md file for org.scala-lang#scala-compiler;2.8.0
		=> http://repo1.maven.org/maven2/org/scala-lang/scala-compiler/2.8.0/scala-compiler-2.8.0.pom (2.8.0)
	parser = pom parser
	no ivy file in cache for org.scala-lang#scala-compiler;2.8.0: tried /home/yuvi/.ivy2/cache/org.scala-lang/scala-compiler/ivy-2.8.0.xml
downloading http://repo1.maven.org/maven2/org/scala-lang/scala-compiler/2.8.0/scala-compiler-2.8.0.pom ...
	Maven Central: downloading http://repo1.maven.org/maven2/org/scala-lang/scala-compiler/2.8.0/scala-compiler-2.8.0.pom
		to /home/yuvi/.ivy2/cache/org.scala-lang/scala-compiler/ivy-2.8.0.xml.original.part
	[SUCCESSFUL ] org.scala-lang#scala-compiler;2.8.0!scala-compiler.pom(pom.original) (901ms)
	 trying /home/yuvi/.ivy2/local/org.scala-lang/scala-compiler/2.8.0/jars/scala-compiler.jar
		tried /home/yuvi/.ivy2/local/org.scala-lang/scala-compiler/2.8.0/jars/scala-compiler.jar
	local: resource not reachable for org.scala-lang#scala-compiler;2.8.0: res=/home/yuvi/.ivy2/local/org.scala-lang/scala-compiler/2.8.0/jars/scala-compiler.jar
	 trying file:///home/yuvi/.m2/repository/org/scala-lang/scala-compiler/2.8.0/scala-compiler-2.8.0.jar
		tried file:///home/yuvi/.m2/repository/org/scala-lang/scala-compiler/2.8.0/scala-compiler-2.8.0.jar
	Maven2 Local: resource not reachable for org/scala-lang#scala-compiler;2.8.0: res=file:/home/yuvi/.m2/repository/org/scala-lang/scala-compiler/2.8.0/scala-compiler-2.8.0.jar
	 trying http://databinder.net/repo/org.scala-lang/scala-compiler/2.8.0/jars/scala-compiler.jar
		tried http://databinder.net/repo/org.scala-lang/scala-compiler/2.8.0/jars/scala-compiler.jar
	sbt-db: resource not reachable for org.scala-lang#scala-compiler;2.8.0: res=http://databinder.net/repo/org.scala-lang/scala-compiler/2.8.0/jars/scala-compiler.jar
	 trying http://repo1.maven.org/maven2/org/scala-lang/scala-compiler/2.8.0/scala-compiler-2.8.0.jar
		tried http://repo1.maven.org/maven2/org/scala-lang/scala-compiler/2.8.0/scala-compiler-2.8.0.jar
	 trying /home/yuvi/.ivy2/local/org.scala-lang/scala-compiler/2.8.0/sources/scala-compiler-sources.jar
		tried /home/yuvi/.ivy2/local/org.scala-lang/scala-compiler/2.8.0/sources/scala-compiler-sources.jar
	local: resource not reachable for org.scala-lang#scala-compiler;2.8.0: res=/home/yuvi/.ivy2/local/org.scala-lang/scala-compiler/2.8.0/sources/scala-compiler-sources.jar
	 trying file:///home/yuvi/.m2/repository/org/scala-lang/scala-compiler/2.8.0/scala-compiler-2.8.0-sources.jar
		tried file:///home/yuvi/.m2/repository/org/scala-lang/scala-compiler/2.8.0/scala-compiler-2.8.0-sources.jar
	Maven2 Local: resource not reachable for org/scala-lang#scala-compiler;2.8.0: res=file:/home/yuvi/.m2/repository/org/scala-lang/scala-compiler/2.8.0/scala-compiler-2.8.0-sources.jar
	 trying http://databinder.net/repo/org.scala-lang/scala-compiler/2.8.0/sources/scala-compiler-sources.jar
		tried http://databinder.net/repo/org.scala-lang/scala-compiler/2.8.0/sources/scala-compiler-sources.jar
HTTP response status: 404 url=http://databinder.net/repo/org.scala-lang/scala-compiler/2.8.0/sources/scala-compiler-sources.jar
CLIENT ERROR: Not Found url=http://databinder.net/repo/org.scala-lang/scala-compiler/2.8.0/sources/scala-compiler-sources.jar
	sbt-db: resource not reachable for org.scala-lang#scala-compiler;2.8.0: res=http://databinder.net/repo/org.scala-lang/scala-compiler/2.8.0/sources/scala-compiler-sources.jar
	 trying http://repo1.maven.org/maven2/org/scala-lang/scala-compiler/2.8.0/scala-compiler-2.8.0-sources.jar
		tried http://repo1.maven.org/maven2/org/scala-lang/scala-compiler/2.8.0/scala-compiler-2.8.0-sources.jar
source artifact found for org.scala-lang#scala-compiler;2.8.0
	 trying /home/yuvi/.ivy2/local/org.scala-lang/scala-compiler/2.8.0/javadocs/scala-compiler-javadoc.jar
		tried /home/yuvi/.ivy2/local/org.scala-lang/scala-compiler/2.8.0/javadocs/scala-compiler-javadoc.jar
	local: resource not reachable for org.scala-lang#scala-compiler;2.8.0: res=/home/yuvi/.ivy2/local/org.scala-lang/scala-compiler/2.8.0/javadocs/scala-compiler-javadoc.jar
	 trying file:///home/yuvi/.m2/repository/org/scala-lang/scala-compiler/2.8.0/scala-compiler-2.8.0-javadoc.jar
		tried file:///home/yuvi/.m2/repository/org/scala-lang/scala-compiler/2.8.0/scala-compiler-2.8.0-javadoc.jar
	Maven2 Local: resource not reachable for org/scala-lang#scala-compiler;2.8.0: res=file:/home/yuvi/.m2/repository/org/scala-lang/scala-compiler/2.8.0/scala-compiler-2.8.0-javadoc.jar
	 trying http://databinder.net/repo/org.scala-lang/scala-compiler/2.8.0/javadocs/scala-compiler-javadoc.jar
		tried http://databinder.net/repo/org.scala-lang/scala-compiler/2.8.0/javadocs/scala-compiler-javadoc.jar
HTTP response status: 404 url=http://databinder.net/repo/org.scala-lang/scala-compiler/2.8.0/javadocs/scala-compiler-javadoc.jar
CLIENT ERROR: Not Found url=http://databinder.net/repo/org.scala-lang/scala-compiler/2.8.0/javadocs/scala-compiler-javadoc.jar
	sbt-db: resource not reachable for org.scala-lang#scala-compiler;2.8.0: res=http://databinder.net/repo/org.scala-lang/scala-compiler/2.8.0/javadocs/scala-compiler-javadoc.jar
	 trying http://repo1.maven.org/maven2/org/scala-lang/scala-compiler/2.8.0/scala-compiler-2.8.0-javadoc.jar
		tried http://repo1.maven.org/maven2/org/scala-lang/scala-compiler/2.8.0/scala-compiler-2.8.0-javadoc.jar
HTTP response status: 404 url=http://repo1.maven.org/maven2/org/scala-lang/scala-compiler/2.8.0/scala-compiler-2.8.0-javadoc.jar
CLIENT ERROR: Not Found url=http://repo1.maven.org/maven2/org/scala-lang/scala-compiler/2.8.0/scala-compiler-2.8.0-javadoc.jar
	Maven Central: resource not reachable for org/scala-lang#scala-compiler;2.8.0: res=http://repo1.maven.org/maven2/org/scala-lang/scala-compiler/2.8.0/scala-compiler-2.8.0-javadoc.jar
	 trying http://scala-tools.org/repo-releases/org/scala-lang/scala-compiler/2.8.0/scala-compiler-2.8.0-javadoc.jar
		tried http://scala-tools.org/repo-releases/org/scala-lang/scala-compiler/2.8.0/scala-compiler-2.8.0-javadoc.jar
HTTP response status: 404 url=http://scala-tools.org/repo-releases/org/scala-lang/scala-compiler/2.8.0/scala-compiler-2.8.0-javadoc.jar
CLIENT ERROR: Not Found url=http://scala-tools.org/repo-releases/org/scala-lang/scala-compiler/2.8.0/scala-compiler-2.8.0-javadoc.jar
	Scala-Tools Maven2 Repository: resource not reachable for org/scala-lang#scala-compiler;2.8.0: res=http://scala-tools.org/repo-releases/org/scala-lang/scala-compiler/2.8.0/scala-compiler-2.8.0-javadoc.jar
	 trying http://scala-tools.org/repo-snapshots/org/scala-lang/scala-compiler/2.8.0/scala-compiler-2.8.0-javadoc.jar
		tried http://scala-tools.org/repo-snapshots/org/scala-lang/scala-compiler/2.8.0/scala-compiler-2.8.0-javadoc.jar
HTTP response status: 404 url=http://scala-tools.org/repo-snapshots/org/scala-lang/scala-compiler/2.8.0/scala-compiler-2.8.0-javadoc.jar
CLIENT ERROR: Not Found url=http://scala-tools.org/repo-snapshots/org/scala-lang/scala-compiler/2.8.0/scala-compiler-2.8.0-javadoc.jar
	Scala-Tools Maven2 Snapshots Repository: resource not reachable for org/scala-lang#scala-compiler;2.8.0: res=http://scala-tools.org/repo-snapshots/org/scala-lang/scala-compiler/2.8.0/scala-compiler-2.8.0-javadoc.jar
no javadoc artifact found for org.scala-lang#scala-compiler;2.8.0
	default-cache: parsed downloaded md file for org.scala-lang#scala-compiler;2.8.0; parsed=org.scala-lang#scala-compiler;2.8.0
	checking org.scala-lang#scala-compiler;2.8.0 from Maven Central against [none]
	module revision kept as first found: org.scala-lang#scala-compiler;2.8.0 from Maven Central
	found org.scala-lang#scala-compiler;2.8.0 in Maven Central
== resolving dependencies org.scala-tools.sbt#boot-scala;1.0->org.scala-lang#scala-compiler;2.8.0 [default->runtime]
loadData of org.scala-lang#scala-compiler;2.8.0 of rootConf=default
== resolving dependencies org.scala-tools.sbt#boot-scala;1.0->org.scala-lang#scala-compiler;2.8.0 [default->compile]
loadData of org.scala-lang#scala-compiler;2.8.0 of rootConf=default
== resolving dependencies org.scala-lang#scala-compiler;2.8.0->org.scala-lang#scala-library;2.8.0 [compile->master(*)]
loadData of org.scala-lang#scala-library;2.8.0 of rootConf=default
	using redefined-public to resolve org.scala-lang#scala-library;2.8.0
redefined-public: Checking cache for: dependency: org.scala-lang#scala-library;2.8.0 {compile=[compile(*), master(*)], runtime=[runtime(*)]}
	no ivy file in cache for org.scala-lang#scala-library;2.8.0: tried /home/yuvi/.ivy2/cache/org.scala-lang/scala-library/ivy-2.8.0.xml
	no ivy file in cache for org.scala-lang#scala-library;2.8.0: tried /home/yuvi/.ivy2/cache/org.scala-lang/scala-library/ivy-2.8.0.xml
	 trying /home/yuvi/.ivy2/local/org.scala-lang/scala-library/2.8.0/ivys/ivy.xml
		tried /home/yuvi/.ivy2/local/org.scala-lang/scala-library/2.8.0/ivys/ivy.xml
	local: resource not reachable for org.scala-lang#scala-library;2.8.0: res=/home/yuvi/.ivy2/local/org.scala-lang/scala-library/2.8.0/ivys/ivy.xml
	 trying /home/yuvi/.ivy2/local/org.scala-lang/scala-library/2.8.0/jars/scala-library.jar
		tried /home/yuvi/.ivy2/local/org.scala-lang/scala-library/2.8.0/jars/scala-library.jar
	local: resource not reachable for org.scala-lang#scala-library;2.8.0: res=/home/yuvi/.ivy2/local/org.scala-lang/scala-library/2.8.0/jars/scala-library.jar
	local: no ivy file nor artifact found for org.scala-lang#scala-library;2.8.0
	no ivy file in cache for org.scala-lang#scala-library;2.8.0: tried /home/yuvi/.ivy2/cache/org.scala-lang/scala-library/ivy-2.8.0.xml
	 trying file:///home/yuvi/.m2/repository/org/scala-lang/scala-library/2.8.0/scala-library-2.8.0.pom
		tried file:///home/yuvi/.m2/repository/org/scala-lang/scala-library/2.8.0/scala-library-2.8.0.pom
	Maven2 Local: resource not reachable for org/scala-lang#scala-library;2.8.0: res=file:/home/yuvi/.m2/repository/org/scala-lang/scala-library/2.8.0/scala-library-2.8.0.pom
	 trying file:///home/yuvi/.m2/repository/org/scala-lang/scala-library/2.8.0/scala-library-2.8.0.jar
		tried file:///home/yuvi/.m2/repository/org/scala-lang/scala-library/2.8.0/scala-library-2.8.0.jar
	Maven2 Local: resource not reachable for org/scala-lang#scala-library;2.8.0: res=file:/home/yuvi/.m2/repository/org/scala-lang/scala-library/2.8.0/scala-library-2.8.0.jar
	Maven2 Local: no ivy file nor artifact found for org.scala-lang#scala-library;2.8.0
	no ivy file in cache for org.scala-lang#scala-library;2.8.0: tried /home/yuvi/.ivy2/cache/org.scala-lang/scala-library/ivy-2.8.0.xml
	 trying http://databinder.net/repo/org.scala-lang/scala-library/2.8.0/ivys/ivy.xml
		tried http://databinder.net/repo/org.scala-lang/scala-library/2.8.0/ivys/ivy.xml
HTTP response status: 404 url=http://databinder.net/repo/org.scala-lang/scala-library/2.8.0/ivys/ivy.xml
CLIENT ERROR: Not Found url=http://databinder.net/repo/org.scala-lang/scala-library/2.8.0/ivys/ivy.xml
	sbt-db: resource not reachable for org.scala-lang#scala-library;2.8.0: res=http://databinder.net/repo/org.scala-lang/scala-library/2.8.0/ivys/ivy.xml
	 trying http://databinder.net/repo/org.scala-lang/scala-library/2.8.0/jars/scala-library.jar
		tried http://databinder.net/repo/org.scala-lang/scala-library/2.8.0/jars/scala-library.jar
HTTP response status: 404 url=http://databinder.net/repo/org.scala-lang/scala-library/2.8.0/jars/scala-library.jar
CLIENT ERROR: Not Found url=http://databinder.net/repo/org.scala-lang/scala-library/2.8.0/jars/scala-library.jar
	sbt-db: resource not reachable for org.scala-lang#scala-library;2.8.0: res=http://databinder.net/repo/org.scala-lang/scala-library/2.8.0/jars/scala-library.jar
	sbt-db: no ivy file nor artifact found for org.scala-lang#scala-library;2.8.0
	no ivy file in cache for org.scala-lang#scala-library;2.8.0: tried /home/yuvi/.ivy2/cache/org.scala-lang/scala-library/ivy-2.8.0.xml
	 trying http://repo1.maven.org/maven2/org/scala-lang/scala-library/2.8.0/scala-library-2.8.0.pom
		tried http://repo1.maven.org/maven2/org/scala-lang/scala-library/2.8.0/scala-library-2.8.0.pom
	Maven Central: found md file for org.scala-lang#scala-library;2.8.0
		=> http://repo1.maven.org/maven2/org/scala-lang/scala-library/2.8.0/scala-library-2.8.0.pom (2.8.0)
	parser = pom parser
	no ivy file in cache for org.scala-lang#scala-library;2.8.0: tried /home/yuvi/.ivy2/cache/org.scala-lang/scala-library/ivy-2.8.0.xml
downloading http://repo1.maven.org/maven2/org/scala-lang/scala-library/2.8.0/scala-library-2.8.0.pom ...
	Maven Central: downloading http://repo1.maven.org/maven2/org/scala-lang/scala-library/2.8.0/scala-library-2.8.0.pom
		to /home/yuvi/.ivy2/cache/org.scala-lang/scala-library/ivy-2.8.0.xml.original.part
	[SUCCESSFUL ] org.scala-lang#scala-library;2.8.0!scala-library.pom(pom.original) (750ms)
	 trying /home/yuvi/.ivy2/local/org.scala-lang/scala-library/2.8.0/jars/scala-library.jar
		tried /home/yuvi/.ivy2/local/org.scala-lang/scala-library/2.8.0/jars/scala-library.jar
	local: resource not reachable for org.scala-lang#scala-library;2.8.0: res=/home/yuvi/.ivy2/local/org.scala-lang/scala-library/2.8.0/jars/scala-library.jar
	 trying file:///home/yuvi/.m2/repository/org/scala-lang/scala-library/2.8.0/scala-library-2.8.0.jar
		tried file:///home/yuvi/.m2/repository/org/scala-lang/scala-library/2.8.0/scala-library-2.8.0.jar
	Maven2 Local: resource not reachable for org/scala-lang#scala-library;2.8.0: res=file:/home/yuvi/.m2/repository/org/scala-lang/scala-library/2.8.0/scala-library-2.8.0.jar
	 trying http://databinder.net/repo/org.scala-lang/scala-library/2.8.0/jars/scala-library.jar
		tried http://databinder.net/repo/org.scala-lang/scala-library/2.8.0/jars/scala-library.jar
	sbt-db: resource not reachable for org.scala-lang#scala-library;2.8.0: res=http://databinder.net/repo/org.scala-lang/scala-library/2.8.0/jars/scala-library.jar
	 trying http://repo1.maven.org/maven2/org/scala-lang/scala-library/2.8.0/scala-library-2.8.0.jar
		tried http://repo1.maven.org/maven2/org/scala-lang/scala-library/2.8.0/scala-library-2.8.0.jar
	 trying /home/yuvi/.ivy2/local/org.scala-lang/scala-library/2.8.0/sources/scala-library-sources.jar
		tried /home/yuvi/.ivy2/local/org.scala-lang/scala-library/2.8.0/sources/scala-library-sources.jar
	local: resource not reachable for org.scala-lang#scala-library;2.8.0: res=/home/yuvi/.ivy2/local/org.scala-lang/scala-library/2.8.0/sources/scala-library-sources.jar
	 trying file:///home/yuvi/.m2/repository/org/scala-lang/scala-library/2.8.0/scala-library-2.8.0-sources.jar
		tried file:///home/yuvi/.m2/repository/org/scala-lang/scala-library/2.8.0/scala-library-2.8.0-sources.jar
	Maven2 Local: resource not reachable for org/scala-lang#scala-library;2.8.0: res=file:/home/yuvi/.m2/repository/org/scala-lang/scala-library/2.8.0/scala-library-2.8.0-sources.jar
	 trying http://databinder.net/repo/org.scala-lang/scala-library/2.8.0/sources/scala-library-sources.jar
		tried http://databinder.net/repo/org.scala-lang/scala-library/2.8.0/sources/scala-library-sources.jar
HTTP response status: 404 url=http://databinder.net/repo/org.scala-lang/scala-library/2.8.0/sources/scala-library-sources.jar
CLIENT ERROR: Not Found url=http://databinder.net/repo/org.scala-lang/scala-library/2.8.0/sources/scala-library-sources.jar
	sbt-db: resource not reachable for org.scala-lang#scala-library;2.8.0: res=http://databinder.net/repo/org.scala-lang/scala-library/2.8.0/sources/scala-library-sources.jar
	 trying http://repo1.maven.org/maven2/org/scala-lang/scala-library/2.8.0/scala-library-2.8.0-sources.jar
		tried http://repo1.maven.org/maven2/org/scala-lang/scala-library/2.8.0/scala-library-2.8.0-sources.jar
source artifact found for org.scala-lang#scala-library;2.8.0
	 trying /home/yuvi/.ivy2/local/org.scala-lang/scala-library/2.8.0/javadocs/scala-library-javadoc.jar
		tried /home/yuvi/.ivy2/local/org.scala-lang/scala-library/2.8.0/javadocs/scala-library-javadoc.jar
	local: resource not reachable for org.scala-lang#scala-library;2.8.0: res=/home/yuvi/.ivy2/local/org.scala-lang/scala-library/2.8.0/javadocs/scala-library-javadoc.jar
	 trying file:///home/yuvi/.m2/repository/org/scala-lang/scala-library/2.8.0/scala-library-2.8.0-javadoc.jar
		tried file:///home/yuvi/.m2/repository/org/scala-lang/scala-library/2.8.0/scala-library-2.8.0-javadoc.jar
	Maven2 Local: resource not reachable for org/scala-lang#scala-library;2.8.0: res=file:/home/yuvi/.m2/repository/org/scala-lang/scala-library/2.8.0/scala-library-2.8.0-javadoc.jar
	 trying http://databinder.net/repo/org.scala-lang/scala-library/2.8.0/javadocs/scala-library-javadoc.jar
		tried http://databinder.net/repo/org.scala-lang/scala-library/2.8.0/javadocs/scala-library-javadoc.jar
HTTP response status: 404 url=http://databinder.net/repo/org.scala-lang/scala-library/2.8.0/javadocs/scala-library-javadoc.jar
CLIENT ERROR: Not Found url=http://databinder.net/repo/org.scala-lang/scala-library/2.8.0/javadocs/scala-library-javadoc.jar
	sbt-db: resource not reachable for org.scala-lang#scala-library;2.8.0: res=http://databinder.net/repo/org.scala-lang/scala-library/2.8.0/javadocs/scala-library-javadoc.jar
	 trying http://repo1.maven.org/maven2/org/scala-lang/scala-library/2.8.0/scala-library-2.8.0-javadoc.jar
		tried http://repo1.maven.org/maven2/org/scala-lang/scala-library/2.8.0/scala-library-2.8.0-javadoc.jar
javadoc artifact found for org.scala-lang#scala-library;2.8.0
	default-cache: parsed downloaded md file for org.scala-lang#scala-library;2.8.0; parsed=org.scala-lang#scala-library;2.8.0
	checking org.scala-lang#scala-library;2.8.0 from Maven Central against [none]
	module revision kept as first found: org.scala-lang#scala-library;2.8.0 from Maven Central
	found org.scala-lang#scala-library;2.8.0 in Maven Central
== resolving dependencies org.scala-lang#scala-compiler;2.8.0->org.scala-lang#scala-library;2.8.0 [compile->compile(*)]
loadData of org.scala-lang#scala-library;2.8.0 of rootConf=default
== resolving dependencies org.scala-lang#scala-compiler;2.8.0->org.scala-lang#scala-library;2.8.0 [compile->default]
loadData of org.scala-lang#scala-library;2.8.0 of rootConf=default
== resolving dependencies org.scala-lang#scala-compiler;2.8.0->org.scala-lang#scala-library;2.8.0 [compile->runtime]
loadData of org.scala-lang#scala-library;2.8.0 of rootConf=default
== resolving dependencies org.scala-lang#scala-compiler;2.8.0->org.scala-lang#scala-library;2.8.0 [compile->compile]
loadData of org.scala-lang#scala-library;2.8.0 of rootConf=default
== resolving dependencies org.scala-lang#scala-compiler;2.8.0->org.scala-lang#scala-library;2.8.0 [compile->master]
loadData of org.scala-lang#scala-library;2.8.0 of rootConf=default
== resolving dependencies org.scala-lang#scala-compiler;2.8.0->org.scala-lang#scala-library;2.8.0 [runtime->runtime(*)]
loadData of org.scala-lang#scala-library;2.8.0 of rootConf=default
== resolving dependencies org.scala-lang#scala-compiler;2.8.0->org.scala-lang#scala-library;2.8.0 [runtime->compile]
loadData of org.scala-lang#scala-library;2.8.0 of rootConf=default
default is loaded and no conf to load.  Skip loading
== resolving dependencies org.scala-tools.sbt#boot-scala;1.0->org.scala-lang#scala-compiler;2.8.0 [default->master]
loadData of org.scala-lang#scala-compiler;2.8.0 of rootConf=default
== resolving dependencies org.scala-tools.sbt#boot-scala;1.0->org.scala-lang#scala-library;2.8.0 [default->default]
loadData of org.scala-lang#scala-library;2.8.0 of rootConf=default
default is loaded and no conf to load.  Skip loading
== resolving dependencies org.scala-tools.sbt#boot-scala;1.0->org.scala-lang#scala-library;2.8.0 [default->runtime]
loadData of org.scala-lang#scala-library;2.8.0 of rootConf=default
default is loaded and no conf to load.  Skip loading
== resolving dependencies org.scala-tools.sbt#boot-scala;1.0->org.scala-lang#scala-library;2.8.0 [default->compile]
loadData of org.scala-lang#scala-library;2.8.0 of rootConf=default
default is loaded and no conf to load.  Skip loading
== resolving dependencies org.scala-tools.sbt#boot-scala;1.0->org.scala-lang#scala-library;2.8.0 [default->master]
loadData of org.scala-lang#scala-library;2.8.0 of rootConf=default
default is loaded and no conf to load.  Skip loading
Nbr of module to sort : 2
Sort dependencies of : org.scala-lang#scala-compiler;2.8.0 / Number of dependencies = 2
Sort dependencies of : org.scala-lang#scala-library;2.8.0 / Number of dependencies = 0
Sort done for : org.scala-lang#scala-library;2.8.0
Sort done for : org.scala-lang#scala-compiler;2.8.0
Module descriptor is processed : org.scala-lang#scala-library;2.8.0
	resolved ivy file produced in /home/yuvi/.ivy2/cache/resolved-org.scala-tools.sbt-boot-scala-1.0.xml
:: downloading artifacts ::
	 trying http://repo1.maven.org/maven2/org/scala-lang/scala-compiler/2.8.0/scala-compiler-2.8.0.jar
		tried http://repo1.maven.org/maven2/org/scala-lang/scala-compiler/2.8.0/scala-compiler-2.8.0.jar
downloading http://repo1.maven.org/maven2/org/scala-lang/scala-compiler/2.8.0/scala-compiler-2.8.0.jar ...
	Maven Central: downloading http://repo1.maven.org/maven2/org/scala-lang/scala-compiler/2.8.0/scala-compiler-2.8.0.jar
		to /home/yuvi/.ivy2/cache/org.scala-lang/scala-compiler/jars/scala-compiler-2.8.0.jar.part
	[SUCCESSFUL ] org.scala-lang#scala-compiler;2.8.0!scala-compiler.jar (5413ms)
	 trying http://repo1.maven.org/maven2/org/scala-lang/scala-library/2.8.0/scala-library-2.8.0.jar
		tried http://repo1.maven.org/maven2/org/scala-lang/scala-library/2.8.0/scala-library-2.8.0.jar
downloading http://repo1.maven.org/maven2/org/scala-lang/scala-library/2.8.0/scala-library-2.8.0.jar ...
	Maven Central: downloading http://repo1.maven.org/maven2/org/scala-lang/scala-library/2.8.0/scala-library-2.8.0.jar
		to /home/yuvi/.ivy2/cache/org.scala-lang/scala-library/jars/scala-library-2.8.0.jar.part
	[SUCCESSFUL ] org.scala-lang#scala-library;2.8.0!scala-library.jar (3560ms)
:: resolution report :: resolve 3847ms :: artifacts dl 8974ms
Nbr of module to sort : 2
Sort dependencies of : org.scala-lang#scala-compiler;2.8.0 / Number of dependencies = 2
Sort dependencies of : org.scala-lang#scala-library;2.8.0 / Number of dependencies = 0
Sort done for : org.scala-lang#scala-library;2.8.0
Sort done for : org.scala-lang#scala-compiler;2.8.0
Module descriptor is processed : org.scala-lang#scala-library;2.8.0
	report for org.scala-tools.sbt#boot-scala;1.0 default produced in /home/yuvi/.ivy2/cache/org.scala-tools.sbt-boot-scala-default.xml
	resolve done (3847ms resolve - 8974ms download)
:: retrieving :: org.scala-tools.sbt#boot-scala
	checkUpToDate=true
no explicit confs given for retrieve, using ivy file: /home/yuvi/.ivy2/cache/resolved-org.scala-tools.sbt-boot-scala-1.0.xml
using ivy parser to parse /home/yuvi/.ivy2/cache/resolved-org.scala-tools.sbt-boot-scala-1.0.xml
pre 1.3 ivy file: using exactOrRegexp as default matcher
	confs: [default]
	retrieving /home/yuvi/.ivy2/cache/org.scala-lang/scala-library/jars/scala-library-2.8.0.jar
		to /home/yuvi/Desktop/ScalaProject/MyProgram-sbt/project/boot/scala-2.8.0/lib/scala-library.jar
	retrieving /home/yuvi/.ivy2/cache/org.scala-lang/scala-compiler/jars/scala-compiler-2.8.0.jar
		to /home/yuvi/Desktop/ScalaProject/MyProgram-sbt/project/boot/scala-2.8.0/lib/scala-compiler.jar
	2 artifacts copied, 0 already retrieved (14484kB/29ms)
	retrieve done (29ms)
